\BOOKMARK [0][-]{section*.1}{\376\377\000S\000z\000e\000r\000z\001\121\000i\000\040\000N\000y\000i\000l\000a\000t\000k\000o\000z\000a\000t}{}% 1
\BOOKMARK [0][-]{chapter.3}{\376\377\0001\000\040\000I\000n\000t\000r\000o\000d\000u\000c\000t\000i\000o\000n}{}% 2
\BOOKMARK [0][-]{chapter.5}{\376\377\0002\000\040\000R\000e\000l\000a\000t\000e\000d\000\040\000W\000o\000r\000k\000s}{}% 3
\BOOKMARK [1][-]{section.6}{\376\377\0002\000.\0001\000\040\000D\000a\000t\000a\000\040\000M\000i\000n\000i\000n\000g}{chapter.5}% 4
\BOOKMARK [2][-]{subsection.7}{\376\377\0002\000.\0001\000.\0001\000\040\000T\000h\000e\000\040\000D\000a\000t\000a\000s\000e\000t}{section.6}% 5
\BOOKMARK [1][-]{section.8}{\376\377\0002\000.\0002\000\040\000M\000a\000c\000h\000i\000n\000e\000\040\000L\000e\000a\000r\000n\000i\000n\000g}{chapter.5}% 6
\BOOKMARK [2][-]{subsection.9}{\376\377\0002\000.\0002\000.\0001\000\040\000A\000r\000t\000i\000f\000i\000c\000i\000a\000l\000\040\000N\000e\000u\000r\000a\000l\000\040\000N\000e\000t\000w\000o\000r\000k\000s}{section.8}% 7
\BOOKMARK [2][-]{subsection.11}{\376\377\0002\000.\0002\000.\0002\000\040\000A\000N\000N\000\040\000I\000n\000v\000e\000r\000s\000i\000o\000n}{section.8}% 8
\BOOKMARK [1][-]{section.12}{\376\377\0002\000.\0003\000\040\000P\000y\000t\000h\000o\000n}{chapter.5}% 9
\BOOKMARK [0][-]{chapter.14}{\376\377\0003\000\040\000T\000h\000e\000o\000r\000e\000t\000i\000c\000a\000l\000\040\000B\000a\000c\000k\000g\000r\000o\000u\000n\000d}{}% 10
\BOOKMARK [1][-]{section.15}{\376\377\0003\000.\0001\000\040\000F\000e\000a\000t\000u\000r\000e\000\040\000E\000n\000g\000i\000n\000e\000e\000r\000i\000n\000g}{chapter.14}% 11
\BOOKMARK [2][-]{subsection.16}{\376\377\0003\000.\0001\000.\0001\000\040\000D\000a\000t\000a\000\040\000M\000i\000n\000i\000n\000g}{section.15}% 12
\BOOKMARK [1][-]{section.23}{\376\377\0003\000.\0002\000\040\000S\000i\000n\000g\000l\000e\000-\000L\000a\000y\000e\000r\000\040\000P\000e\000r\000c\000e\000p\000t\000r\000o\000n}{chapter.14}% 13
\BOOKMARK [1][-]{section.27}{\376\377\0003\000.\0003\000\040\000F\000e\000e\000d\000f\000o\000r\000w\000a\000r\000d\000\040\000N\000e\000u\000r\000a\000l\000\040\000N\000e\000t\000w\000o\000r\000k\000s}{chapter.14}% 14
\BOOKMARK [2][-]{subsection.29}{\376\377\0003\000.\0003\000.\0001\000\040\000M\000u\000l\000t\000i\000-\000L\000a\000y\000e\000r\000\040\000P\000e\000r\000c\000e\000p\000t\000r\000o\000n}{section.27}% 15
\BOOKMARK [1][-]{section.35}{\376\377\0003\000.\0004\000\040\000T\000r\000a\000i\000n\000i\000n\000g\000\040\000a\000\040\000M\000L\000P\000\040\000M\000o\000d\000e\000l}{chapter.14}% 16
\BOOKMARK [2][-]{subsection.36}{\376\377\0003\000.\0004\000.\0001\000\040\000R\000e\000g\000r\000e\000s\000s\000i\000o\000n}{section.35}% 17
\BOOKMARK [2][-]{subsection.38}{\376\377\0003\000.\0004\000.\0002\000\040\000A\000c\000t\000i\000v\000a\000t\000i\000o\000n\000\040\000F\000u\000n\000c\000t\000i\000o\000n\000s}{section.35}% 18
\BOOKMARK [2][-]{subsection.42}{\376\377\0003\000.\0004\000.\0003\000\040\000O\000p\000t\000i\000m\000i\000z\000a\000t\000i\000o\000n\000\040\000M\000e\000t\000h\000o\000d\000s}{section.35}% 19
\BOOKMARK [1][-]{section.52}{\376\377\0003\000.\0005\000\040\000I\000n\000v\000e\000r\000s\000i\000o\000n}{chapter.14}% 20
\BOOKMARK [2][-]{subsection.53}{\376\377\0003\000.\0005\000.\0001\000\040\000S\000i\000n\000g\000l\000e\000-\000E\000l\000e\000m\000e\000n\000t\000\040\000I\000n\000v\000e\000r\000s\000i\000o\000n\000\040\000M\000e\000t\000h\000o\000d\000s}{section.52}% 21
\BOOKMARK [2][-]{subsection.54}{\376\377\0003\000.\0005\000.\0002\000\040\000W\000i\000l\000l\000i\000a\000m\000s\000-\000L\000i\000n\000d\000e\000r\000-\000K\000i\000n\000d\000e\000r\000m\000a\000n\000n\000\040\000I\000n\000v\000e\000r\000s\000i\000o\000n}{section.52}% 22
\BOOKMARK [0][-]{chapter.58}{\376\377\0004\000\040\000I\000m\000p\000l\000e\000m\000e\000n\000t\000a\000t\000i\000o\000n}{}% 23
\BOOKMARK [1][-]{section.59}{\376\377\0004\000.\0001\000\040\000P\000r\000o\000b\000l\000e\000m\000\040\000S\000t\000a\000t\000e\000m\000e\000n\000t}{chapter.58}% 24
\BOOKMARK [2][-]{subsection.60}{\376\377\0004\000.\0001\000.\0001\000\040\000U\000s\000e\000d\000\040\000T\000h\000i\000r\000d\000-\000P\000a\000r\000t\000y\000\040\000L\000i\000b\000r\000a\000r\000i\000e\000s}{section.59}% 25
\BOOKMARK [1][-]{section.62}{\376\377\0004\000.\0002\000\040\000T\000h\000e\000\040\000I\000m\000p\000l\000e\000m\000e\000n\000t\000a\000t\000i\000o\000n}{chapter.58}% 26
\BOOKMARK [2][-]{subsection.78}{\376\377\0004\000.\0002\000.\0001\000\040\000O\000p\000t\000i\000m\000i\000z\000i\000n\000g\000\040\000t\000h\000e\000\040\000D\000a\000t\000a\000s\000e\000t}{section.62}% 27
\BOOKMARK [2][-]{subsection.97}{\376\377\0004\000.\0002\000.\0002\000\040\000T\000r\000a\000i\000n\000i\000n\000g\000\040\000t\000h\000e\000\040\000N\000e\000u\000r\000a\000l\000\040\000N\000e\000t\000w\000o\000r\000k}{section.62}% 28
\BOOKMARK [2][-]{subsection.127}{\376\377\0004\000.\0002\000.\0003\000\040\000I\000n\000v\000e\000r\000t\000i\000n\000g\000\040\000t\000h\000e\000\040\000M\000L\000P}{section.62}% 29
\BOOKMARK [1][-]{section.207}{\376\377\0004\000.\0003\000\040\000R\000e\000s\000u\000l\000t\000s}{chapter.58}% 30
\BOOKMARK [0][-]{chapter.219}{\376\377\0005\000\040\000S\000u\000m\000m\000a\000r\000y}{}% 31
