This is pdfTeX, Version 3.14159265-2.6-1.40.19 (MiKTeX 2.9.6840 64-bit) (preloaded format=pdflatex 2018.10.12)  9 MAY 2019 14:40
entering extended mode
**./main.tex
(main.tex
LaTeX2e <2018-04-01> patch level 5
(Thesis.cls
Document Class: Thesis 2007/22/02 v1.0 LaTeX document class
(D:\Lilcsa\Tanszeki_dolgok\miktex\tex\latex\base\book.cls
Document Class: book 2014/09/29 v1.4h Standard LaTeX document class
(D:\Lilcsa\Tanszeki_dolgok\miktex\tex\latex\base\bk12.clo
File: bk12.clo 2014/09/29 v1.4h Standard LaTeX file (size option)
)
\c@part=\count80
\c@chapter=\count81
\c@section=\count82
\c@subsection=\count83
\c@subsubsection=\count84
\c@paragraph=\count85
\c@subparagraph=\count86
\c@figure=\count87
\c@table=\count88
\abovecaptionskip=\skip41
\belowcaptionskip=\skip42
\bibindent=\dimen102
)
(D:\Lilcsa\Tanszeki_dolgok\miktex\tex\latex\base\inputenc.sty
Package: inputenc 2018/04/06 v1.3b Input encoding file
\inpenc@prehook=\toks14
\inpenc@posthook=\toks15
)
(D:\Lilcsa\Tanszeki_dolgok\miktex\tex\latex\base\fontenc.sty
Package: fontenc 2017/04/05 v2.0i Standard LaTeX package

(D:\Lilcsa\Tanszeki_dolgok\miktex\tex\latex\base\t1enc.def
File: t1enc.def 2017/04/05 v2.0i Standard LaTeX file
LaTeX Font Info:    Redeclaring font encoding T1 on input line 48.
))
(D:\Lilcsa\Tanszeki_dolgok\miktex\tex\generic\babel\babel.sty
Package: babel 2018/10/03 3.25 The Babel package

(D:\Lilcsa\Tanszeki_dolgok\miktex\tex\generic\babel\switch.def
File: switch.def 2018/10/03 3.25 Babel switching mechanism
)
*************************************
* Local config file bblopts.cfg used
*
(D:\Lilcsa\Tanszeki_dolgok\miktex\tex\latex\arabi\bblopts.cfg
File: bblopts.cfg 2005/09/08 v0.1 add Arabic and Farsi to "declared" options of
 babel
)
(D:\Lilcsa\Tanszeki_dolgok\miktex\tex\latex\babel-english\english.ldf
Language: english 2017/06/06 v3.3r English support from the babel system

(D:\Lilcsa\Tanszeki_dolgok\miktex\tex\generic\babel\babel.def
File: babel.def 2018/10/03 3.25 Babel common definitions
\babel@savecnt=\count89
\U@D=\dimen103

(D:\Lilcsa\Tanszeki_dolgok\miktex\tex\generic\babel\txtbabel.def)
\bbl@dirlevel=\count90
)
\l@canadian = a dialect from \language\l@american 
\l@australian = a dialect from \language\l@british 
\l@newzealand = a dialect from \language\l@british 
))
(D:\Lilcsa\Tanszeki_dolgok\miktex\tex\latex\graphics\graphicx.sty
Package: graphicx 2017/06/01 v1.1a Enhanced LaTeX Graphics (DPC,SPQR)

(D:\Lilcsa\Tanszeki_dolgok\miktex\tex\latex\graphics\keyval.sty
Package: keyval 2014/10/28 v1.15 key=value parser (DPC)
\KV@toks@=\toks16
)
(D:\Lilcsa\Tanszeki_dolgok\miktex\tex\latex\graphics\graphics.sty
Package: graphics 2017/06/25 v1.2c Standard LaTeX Graphics (DPC,SPQR)

(D:\Lilcsa\Tanszeki_dolgok\miktex\tex\latex\graphics\trig.sty
Package: trig 2016/01/03 v1.10 sin cos tan (DPC)
)
(D:\Lilcsa\Tanszeki_dolgok\miktex\tex\latex\graphics-cfg\graphics.cfg
File: graphics.cfg 2016/06/04 v1.11 sample graphics configuration
)
Package graphics Info: Driver file: pdftex.def on input line 99.

(D:\Lilcsa\Tanszeki_dolgok\miktex\tex\latex\graphics-def\pdftex.def
File: pdftex.def 2018/01/08 v1.0l Graphics/color driver for pdftex
))
\Gin@req@height=\dimen104
\Gin@req@width=\dimen105
)
(D:\Lilcsa\Tanszeki_dolgok\miktex\tex\latex\caption\caption.sty
Package: caption 2018/10/06 v3.3-154 Customizing captions (AR)

(D:\Lilcsa\Tanszeki_dolgok\miktex\tex\latex\caption\caption3.sty
Package: caption3 2018/09/12 v1.8c caption3 kernel (AR)
Package caption3 Info: TeX engine: e-TeX on input line 64.
\captionmargin=\dimen106
\captionmargin@=\dimen107
\captionwidth=\dimen108
\caption@tempdima=\dimen109
\caption@indent=\dimen110
\caption@parindent=\dimen111
\caption@hangindent=\dimen112
)
\c@caption@flags=\count91
\c@ContinuedFloat=\count92
)
(D:\Lilcsa\Tanszeki_dolgok\miktex\tex\latex\caption\subcaption.sty
Package: subcaption 2018/05/01 v1.1-162 Sub-captions (AR)
\c@subfigure=\count93
\c@subtable=\count94
)
(D:\Lilcsa\Tanszeki_dolgok\miktex\tex\latex\amsfonts\amsfonts.sty
Package: amsfonts 2013/01/14 v3.01 Basic AMSFonts support
\@emptytoks=\toks17
\symAMSa=\mathgroup4
\symAMSb=\mathgroup5
LaTeX Font Info:    Overwriting math alphabet `\mathfrak' in version `bold'
(Font)                  U/euf/m/n --> U/euf/b/n on input line 106.
)
(D:\Lilcsa\Tanszeki_dolgok\miktex\tex\latex\amsmath\amsmath.sty
Package: amsmath 2017/09/02 v2.17a AMS math features
\@mathmargin=\skip43

For additional information on amsmath, use the `?' option.
(D:\Lilcsa\Tanszeki_dolgok\miktex\tex\latex\amsmath\amstext.sty
Package: amstext 2000/06/29 v2.01 AMS text

(D:\Lilcsa\Tanszeki_dolgok\miktex\tex\latex\amsmath\amsgen.sty
File: amsgen.sty 1999/11/30 v2.0 generic functions
\@emptytoks=\toks18
\ex@=\dimen113
))
(D:\Lilcsa\Tanszeki_dolgok\miktex\tex\latex\amsmath\amsbsy.sty
Package: amsbsy 1999/11/29 v1.2d Bold Symbols
\pmbraise@=\dimen114
)
(D:\Lilcsa\Tanszeki_dolgok\miktex\tex\latex\amsmath\amsopn.sty
Package: amsopn 2016/03/08 v2.02 operator names
)
\inf@bad=\count95
LaTeX Info: Redefining \frac on input line 213.
\uproot@=\count96
\leftroot@=\count97
LaTeX Info: Redefining \overline on input line 375.
\classnum@=\count98
\DOTSCASE@=\count99
LaTeX Info: Redefining \ldots on input line 472.
LaTeX Info: Redefining \dots on input line 475.
LaTeX Info: Redefining \cdots on input line 596.
\Mathstrutbox@=\box26
\strutbox@=\box27
\big@size=\dimen115
LaTeX Font Info:    Redeclaring font encoding OML on input line 712.
LaTeX Font Info:    Redeclaring font encoding OMS on input line 713.
\macc@depth=\count100
\c@MaxMatrixCols=\count101
\dotsspace@=\muskip10
\c@parentequation=\count102
\dspbrk@lvl=\count103
\tag@help=\toks19
\row@=\count104
\column@=\count105
\maxfields@=\count106
\andhelp@=\toks20
\eqnshift@=\dimen116
\alignsep@=\dimen117
\tagshift@=\dimen118
\tagwidth@=\dimen119
\totwidth@=\dimen120
\lineht@=\dimen121
\@envbody=\toks21
\multlinegap=\skip44
\multlinetaggap=\skip45
\mathdisplay@stack=\toks22
LaTeX Info: Redefining \[ on input line 2817.
LaTeX Info: Redefining \] on input line 2818.
)
(D:\Lilcsa\Tanszeki_dolgok\miktex\tex\latex\algorithms\algorithm.sty
Package: algorithm 2009/08/24 v0.1 Document Style `algorithm' - floating enviro
nment

(D:\Lilcsa\Tanszeki_dolgok\miktex\tex\latex\float\float.sty
Package: float 2001/11/08 v1.3d Float enhancements (AL)
\c@float@type=\count107
\float@exts=\toks23
\float@box=\box28
\@float@everytoks=\toks24
\@floatcapt=\box29
)
(D:\Lilcsa\Tanszeki_dolgok\miktex\tex\latex\base\ifthen.sty
Package: ifthen 2014/09/29 v1.1c Standard LaTeX ifthen package (DPC)
)
\@float@every@algorithm=\toks25
\c@algorithm=\count108
)
(D:\Lilcsa\Tanszeki_dolgok\miktex\tex\latex\algorithmicx\algorithmicx.sty
Package: algorithmicx 2005/04/27 v1.2 Algorithmicx

Document Style algorithmicx 1.2 - a greatly improved `algorithmic' style
\c@ALG@line=\count109
\c@ALG@rem=\count110
\c@ALG@nested=\count111
\ALG@tlm=\skip46
\ALG@thistlm=\skip47
\c@ALG@Lnr=\count112
\c@ALG@blocknr=\count113
\c@ALG@storecount=\count114
\c@ALG@tmpcounter=\count115
\ALG@tmplength=\skip48
) (D:\Lilcsa\Tanszeki_dolgok\miktex\tex\latex\algorithmicx\algpseudocode.sty
Package: algpseudocode 

Document Style - pseudocode environments for use with the `algorithmicx' style
) (D:\Lilcsa\Tanszeki_dolgok\miktex\tex\latex\oberdiek\epstopdf.sty
Package: epstopdf 2016/05/15 v2.6 Conversion with epstopdf on the fly (HO)

(D:\Lilcsa\Tanszeki_dolgok\miktex\tex\latex\oberdiek\epstopdf-base.sty
Package: epstopdf-base 2016/05/15 v2.6 Base part for package epstopdf

(D:\Lilcsa\Tanszeki_dolgok\miktex\tex\generic\oberdiek\infwarerr.sty
Package: infwarerr 2016/05/16 v1.4 Providing info/warning/error messages (HO)
)
(D:\Lilcsa\Tanszeki_dolgok\miktex\tex\latex\oberdiek\grfext.sty
Package: grfext 2016/05/16 v1.2 Manage graphics extensions (HO)

(D:\Lilcsa\Tanszeki_dolgok\miktex\tex\generic\oberdiek\kvdefinekeys.sty
Package: kvdefinekeys 2016/05/16 v1.4 Define keys (HO)

(D:\Lilcsa\Tanszeki_dolgok\miktex\tex\generic\oberdiek\ltxcmds.sty
Package: ltxcmds 2016/05/16 v1.23 LaTeX kernel commands for general use (HO)
)))
(D:\Lilcsa\Tanszeki_dolgok\miktex\tex\latex\oberdiek\kvoptions.sty
Package: kvoptions 2016/05/16 v3.12 Key value format for package options (HO)

(D:\Lilcsa\Tanszeki_dolgok\miktex\tex\generic\oberdiek\kvsetkeys.sty
Package: kvsetkeys 2016/05/16 v1.17 Key value parser (HO)

(D:\Lilcsa\Tanszeki_dolgok\miktex\tex\generic\oberdiek\etexcmds.sty
Package: etexcmds 2016/05/16 v1.6 Avoid name clashes with e-TeX commands (HO)

(D:\Lilcsa\Tanszeki_dolgok\miktex\tex\generic\oberdiek\ifluatex.sty
Package: ifluatex 2016/05/16 v1.4 Provides the ifluatex switch (HO)
Package ifluatex Info: LuaTeX not detected.
)
Package etexcmds Info: Could not find \expanded.
(etexcmds)             That can mean that you are not using pdfTeX 1.50 or
(etexcmds)             that some package has redefined \expanded.
(etexcmds)             In the latter case, load this package earlier.
)))
(D:\Lilcsa\Tanszeki_dolgok\miktex\tex\generic\oberdiek\pdftexcmds.sty
Package: pdftexcmds 2018/09/10 v0.29 Utility functions of pdfTeX for LuaTeX (HO
)

(D:\Lilcsa\Tanszeki_dolgok\miktex\tex\generic\oberdiek\ifpdf.sty
Package: ifpdf 2018/09/07 v3.3 Provides the ifpdf switch
)
Package pdftexcmds Info: LuaTeX not detected.
Package pdftexcmds Info: \pdf@primitive is available.
Package pdftexcmds Info: \pdf@ifprimitive is available.
Package pdftexcmds Info: \pdfdraftmode found.
)
Package epstopdf-base Info: Redefining graphics rule for `.eps' on input line 4
38.
Package grfext Info: Graphics extension search list:
(grfext)             [.pdf,.png,.jpg,.mps,.jpeg,.jbig2,.jb2,.PDF,.PNG,.JPG,.JPE
G,.JBIG2,.JB2,.eps]
(grfext)             \AppendGraphicsExtensions on input line 456.
))
(D:\Lilcsa\Tanszeki_dolgok\miktex\tex\latex\booktabs\booktabs.sty
Package: booktabs 2005/04/14 v1.61803 publication quality tables
\heavyrulewidth=\dimen122
\lightrulewidth=\dimen123
\cmidrulewidth=\dimen124
\belowrulesep=\dimen125
\belowbottomsep=\dimen126
\aboverulesep=\dimen127
\abovetopsep=\dimen128
\cmidrulesep=\dimen129
\cmidrulekern=\dimen130
\defaultaddspace=\dimen131
\@cmidla=\count116
\@cmidlb=\count117
\@aboverulesep=\dimen132
\@belowrulesep=\dimen133
\@thisruleclass=\count118
\@lastruleclass=\count119
\@thisrulewidth=\dimen134
)
(D:\Lilcsa\Tanszeki_dolgok\miktex\tex\latex\graphics\rotating.sty
Package: rotating 2016/08/11 v2.16d rotated objects in LaTeX
\c@r@tfl@t=\count120
\rotFPtop=\skip49
\rotFPbot=\skip50
\rot@float@box=\box30
\rot@mess@toks=\toks26
)
(D:\Lilcsa\Tanszeki_dolgok\miktex\tex\latex\setspace\setspace.sty
Package: setspace 2011/12/19 v6.7a set line spacing
)
(D:\Lilcsa\Tanszeki_dolgok\miktex\tex\latex\vmargin\vmargin.sty
Package: vmargin 2004/07/15 V2.5 set document margins (VK)

Package: vmargin 2004/07/15 V2.5 set document margins (VK)
\PaperWidth=\dimen135
\PaperHeight=\dimen136
) (D:\Lilcsa\Tanszeki_dolgok\miktex\tex\latex\todonotes\todonotes.sty
Package: todonotes 2015/07/09 .dtx Todonotes source and documentation.
Package: todonotes 2012/07/25

(D:\Lilcsa\Tanszeki_dolgok\miktex\tex\latex\xkeyval\xkeyval.sty
Package: xkeyval 2014/12/03 v2.7a package option processing (HA)

(D:\Lilcsa\Tanszeki_dolgok\miktex\tex\generic\xkeyval\xkeyval.tex
(D:\Lilcsa\Tanszeki_dolgok\miktex\tex\generic\xkeyval\xkvutils.tex
\XKV@toks=\toks27
\XKV@tempa@toks=\toks28
)
\XKV@depth=\count121
File: xkeyval.tex 2014/12/03 v2.7a key=value parser (HA)
))
(D:\Lilcsa\Tanszeki_dolgok\miktex\tex\latex\xcolor\xcolor.sty
Package: xcolor 2016/05/11 v2.12 LaTeX color extensions (UK)

(D:\Lilcsa\Tanszeki_dolgok\miktex\tex\latex\graphics-cfg\color.cfg
File: color.cfg 2016/01/02 v1.6 sample color configuration
)
Package xcolor Info: Driver file: pdftex.def on input line 225.
Package xcolor Info: Model `cmy' substituted by `cmy0' on input line 1348.
Package xcolor Info: Model `hsb' substituted by `rgb' on input line 1352.
Package xcolor Info: Model `RGB' extended on input line 1364.
Package xcolor Info: Model `HTML' substituted by `rgb' on input line 1366.
Package xcolor Info: Model `Hsb' substituted by `hsb' on input line 1367.
Package xcolor Info: Model `tHsb' substituted by `hsb' on input line 1368.
Package xcolor Info: Model `HSB' substituted by `hsb' on input line 1369.
Package xcolor Info: Model `Gray' substituted by `gray' on input line 1370.
Package xcolor Info: Model `wave' substituted by `hsb' on input line 1371.
)
(D:\Lilcsa\Tanszeki_dolgok\miktex\tex\latex\pgf\frontendlayer\tikz.sty
(D:\Lilcsa\Tanszeki_dolgok\miktex\tex\latex\pgf\basiclayer\pgf.sty
(D:\Lilcsa\Tanszeki_dolgok\miktex\tex\latex\pgf\utilities\pgfrcs.sty
(D:\Lilcsa\Tanszeki_dolgok\miktex\tex\generic\pgf\utilities\pgfutil-common.tex
\pgfutil@everybye=\toks29
\pgfutil@tempdima=\dimen137
\pgfutil@tempdimb=\dimen138

(D:\Lilcsa\Tanszeki_dolgok\miktex\tex\generic\pgf\utilities\pgfutil-common-list
s.tex))
(D:\Lilcsa\Tanszeki_dolgok\miktex\tex\generic\pgf\utilities\pgfutil-latex.def
\pgfutil@abb=\box31

(D:\Lilcsa\Tanszeki_dolgok\miktex\tex\latex\ms\everyshi.sty
Package: everyshi 2001/05/15 v3.00 EveryShipout Package (MS)
))
(D:\Lilcsa\Tanszeki_dolgok\miktex\tex\generic\pgf\utilities\pgfrcs.code.tex
Package: pgfrcs 2015/08/07 v3.0.1a (rcs-revision 1.31)
))
Package: pgf 2015/08/07 v3.0.1a (rcs-revision 1.15)

(D:\Lilcsa\Tanszeki_dolgok\miktex\tex\latex\pgf\basiclayer\pgfcore.sty
(D:\Lilcsa\Tanszeki_dolgok\miktex\tex\latex\pgf\systemlayer\pgfsys.sty
(D:\Lilcsa\Tanszeki_dolgok\miktex\tex\generic\pgf\systemlayer\pgfsys.code.tex
Package: pgfsys 2014/07/09 v3.0.1a (rcs-revision 1.48)

(D:\Lilcsa\Tanszeki_dolgok\miktex\tex\generic\pgf\utilities\pgfkeys.code.tex
\pgfkeys@pathtoks=\toks30
\pgfkeys@temptoks=\toks31

(D:\Lilcsa\Tanszeki_dolgok\miktex\tex\generic\pgf\utilities\pgfkeysfiltered.cod
e.tex
\pgfkeys@tmptoks=\toks32
))
\pgf@x=\dimen139
\pgf@y=\dimen140
\pgf@xa=\dimen141
\pgf@ya=\dimen142
\pgf@xb=\dimen143
\pgf@yb=\dimen144
\pgf@xc=\dimen145
\pgf@yc=\dimen146
\w@pgf@writea=\write3
\r@pgf@reada=\read1
\c@pgf@counta=\count122
\c@pgf@countb=\count123
\c@pgf@countc=\count124
\c@pgf@countd=\count125
\t@pgf@toka=\toks33
\t@pgf@tokb=\toks34
\t@pgf@tokc=\toks35
 (D:\Lilcsa\Tanszeki_dolgok\miktex\tex\generic\pgf\systemlayer\pgf.cfg
File: pgf.cfg 2008/05/14  (rcs-revision 1.7)
)
Driver file for pgf: pgfsys-pdftex.def

(D:\Lilcsa\Tanszeki_dolgok\miktex\tex\generic\pgf\systemlayer\pgfsys-pdftex.def
File: pgfsys-pdftex.def 2014/10/11  (rcs-revision 1.35)

(D:\Lilcsa\Tanszeki_dolgok\miktex\tex\generic\pgf\systemlayer\pgfsys-common-pdf
.def
File: pgfsys-common-pdf.def 2013/10/10  (rcs-revision 1.13)
)))
(D:\Lilcsa\Tanszeki_dolgok\miktex\tex\generic\pgf\systemlayer\pgfsyssoftpath.co
de.tex
File: pgfsyssoftpath.code.tex 2013/09/09  (rcs-revision 1.9)
\pgfsyssoftpath@smallbuffer@items=\count126
\pgfsyssoftpath@bigbuffer@items=\count127
)
(D:\Lilcsa\Tanszeki_dolgok\miktex\tex\generic\pgf\systemlayer\pgfsysprotocol.co
de.tex
File: pgfsysprotocol.code.tex 2006/10/16  (rcs-revision 1.4)
))
(D:\Lilcsa\Tanszeki_dolgok\miktex\tex\generic\pgf\basiclayer\pgfcore.code.tex
Package: pgfcore 2010/04/11 v3.0.1a (rcs-revision 1.7)

(D:\Lilcsa\Tanszeki_dolgok\miktex\tex\generic\pgf\math\pgfmath.code.tex
(D:\Lilcsa\Tanszeki_dolgok\miktex\tex\generic\pgf\math\pgfmathcalc.code.tex
(D:\Lilcsa\Tanszeki_dolgok\miktex\tex\generic\pgf\math\pgfmathutil.code.tex)
(D:\Lilcsa\Tanszeki_dolgok\miktex\tex\generic\pgf\math\pgfmathparser.code.tex
\pgfmath@dimen=\dimen147
\pgfmath@count=\count128
\pgfmath@box=\box32
\pgfmath@toks=\toks36
\pgfmath@stack@operand=\toks37
\pgfmath@stack@operation=\toks38
)
(D:\Lilcsa\Tanszeki_dolgok\miktex\tex\generic\pgf\math\pgfmathfunctions.code.te
x
(D:\Lilcsa\Tanszeki_dolgok\miktex\tex\generic\pgf\math\pgfmathfunctions.basic.c
ode.tex)
(D:\Lilcsa\Tanszeki_dolgok\miktex\tex\generic\pgf\math\pgfmathfunctions.trigono
metric.code.tex)
(D:\Lilcsa\Tanszeki_dolgok\miktex\tex\generic\pgf\math\pgfmathfunctions.random.
code.tex)
(D:\Lilcsa\Tanszeki_dolgok\miktex\tex\generic\pgf\math\pgfmathfunctions.compari
son.code.tex)
(D:\Lilcsa\Tanszeki_dolgok\miktex\tex\generic\pgf\math\pgfmathfunctions.base.co
de.tex)
(D:\Lilcsa\Tanszeki_dolgok\miktex\tex\generic\pgf\math\pgfmathfunctions.round.c
ode.tex)
(D:\Lilcsa\Tanszeki_dolgok\miktex\tex\generic\pgf\math\pgfmathfunctions.misc.co
de.tex)
(D:\Lilcsa\Tanszeki_dolgok\miktex\tex\generic\pgf\math\pgfmathfunctions.integer
arithmetics.code.tex)))
(D:\Lilcsa\Tanszeki_dolgok\miktex\tex\generic\pgf\math\pgfmathfloat.code.tex
\c@pgfmathroundto@lastzeros=\count129
))
(D:\Lilcsa\Tanszeki_dolgok\miktex\tex\generic\pgf\basiclayer\pgfcorepoints.code
.tex
File: pgfcorepoints.code.tex 2013/10/07  (rcs-revision 1.27)
\pgf@picminx=\dimen148
\pgf@picmaxx=\dimen149
\pgf@picminy=\dimen150
\pgf@picmaxy=\dimen151
\pgf@pathminx=\dimen152
\pgf@pathmaxx=\dimen153
\pgf@pathminy=\dimen154
\pgf@pathmaxy=\dimen155
\pgf@xx=\dimen156
\pgf@xy=\dimen157
\pgf@yx=\dimen158
\pgf@yy=\dimen159
\pgf@zx=\dimen160
\pgf@zy=\dimen161
)
(D:\Lilcsa\Tanszeki_dolgok\miktex\tex\generic\pgf\basiclayer\pgfcorepathconstru
ct.code.tex
File: pgfcorepathconstruct.code.tex 2013/10/07  (rcs-revision 1.29)
\pgf@path@lastx=\dimen162
\pgf@path@lasty=\dimen163
)
(D:\Lilcsa\Tanszeki_dolgok\miktex\tex\generic\pgf\basiclayer\pgfcorepathusage.c
ode.tex
File: pgfcorepathusage.code.tex 2014/11/02  (rcs-revision 1.24)
\pgf@shorten@end@additional=\dimen164
\pgf@shorten@start@additional=\dimen165
)
(D:\Lilcsa\Tanszeki_dolgok\miktex\tex\generic\pgf\basiclayer\pgfcorescopes.code
.tex
File: pgfcorescopes.code.tex 2015/05/08  (rcs-revision 1.46)
\pgfpic=\box33
\pgf@hbox=\box34
\pgf@layerbox@main=\box35
\pgf@picture@serial@count=\count130
)
(D:\Lilcsa\Tanszeki_dolgok\miktex\tex\generic\pgf\basiclayer\pgfcoregraphicstat
e.code.tex
File: pgfcoregraphicstate.code.tex 2014/11/02  (rcs-revision 1.12)
\pgflinewidth=\dimen166
)
(D:\Lilcsa\Tanszeki_dolgok\miktex\tex\generic\pgf\basiclayer\pgfcoretransformat
ions.code.tex
File: pgfcoretransformations.code.tex 2015/08/07  (rcs-revision 1.20)
\pgf@pt@x=\dimen167
\pgf@pt@y=\dimen168
\pgf@pt@temp=\dimen169
)
(D:\Lilcsa\Tanszeki_dolgok\miktex\tex\generic\pgf\basiclayer\pgfcorequick.code.
tex
File: pgfcorequick.code.tex 2008/10/09  (rcs-revision 1.3)
)
(D:\Lilcsa\Tanszeki_dolgok\miktex\tex\generic\pgf\basiclayer\pgfcoreobjects.cod
e.tex
File: pgfcoreobjects.code.tex 2006/10/11  (rcs-revision 1.2)
)
(D:\Lilcsa\Tanszeki_dolgok\miktex\tex\generic\pgf\basiclayer\pgfcorepathprocess
ing.code.tex
File: pgfcorepathprocessing.code.tex 2013/09/09  (rcs-revision 1.9)
)
(D:\Lilcsa\Tanszeki_dolgok\miktex\tex\generic\pgf\basiclayer\pgfcorearrows.code
.tex
File: pgfcorearrows.code.tex 2015/05/14  (rcs-revision 1.43)
\pgfarrowsep=\dimen170
)
(D:\Lilcsa\Tanszeki_dolgok\miktex\tex\generic\pgf\basiclayer\pgfcoreshade.code.
tex
File: pgfcoreshade.code.tex 2013/07/15  (rcs-revision 1.15)
\pgf@max=\dimen171
\pgf@sys@shading@range@num=\count131
)
(D:\Lilcsa\Tanszeki_dolgok\miktex\tex\generic\pgf\basiclayer\pgfcoreimage.code.
tex
File: pgfcoreimage.code.tex 2013/07/15  (rcs-revision 1.18)

(D:\Lilcsa\Tanszeki_dolgok\miktex\tex\generic\pgf\basiclayer\pgfcoreexternal.co
de.tex
File: pgfcoreexternal.code.tex 2014/07/09  (rcs-revision 1.21)
\pgfexternal@startupbox=\box36
))
(D:\Lilcsa\Tanszeki_dolgok\miktex\tex\generic\pgf\basiclayer\pgfcorelayers.code
.tex
File: pgfcorelayers.code.tex 2013/07/18  (rcs-revision 1.7)
)
(D:\Lilcsa\Tanszeki_dolgok\miktex\tex\generic\pgf\basiclayer\pgfcoretransparenc
y.code.tex
File: pgfcoretransparency.code.tex 2013/09/30  (rcs-revision 1.5)
)
(D:\Lilcsa\Tanszeki_dolgok\miktex\tex\generic\pgf\basiclayer\pgfcorepatterns.co
de.tex
File: pgfcorepatterns.code.tex 2013/11/07  (rcs-revision 1.5)
)))
(D:\Lilcsa\Tanszeki_dolgok\miktex\tex\generic\pgf\modules\pgfmoduleshapes.code.
tex
File: pgfmoduleshapes.code.tex 2014/03/21  (rcs-revision 1.35)
\pgfnodeparttextbox=\box37
)
(D:\Lilcsa\Tanszeki_dolgok\miktex\tex\generic\pgf\modules\pgfmoduleplot.code.te
x
File: pgfmoduleplot.code.tex 2015/08/03  (rcs-revision 1.13)
)
(D:\Lilcsa\Tanszeki_dolgok\miktex\tex\latex\pgf\compatibility\pgfcomp-version-0
-65.sty
Package: pgfcomp-version-0-65 2007/07/03 v3.0.1a (rcs-revision 1.7)
\pgf@nodesepstart=\dimen172
\pgf@nodesepend=\dimen173
)
(D:\Lilcsa\Tanszeki_dolgok\miktex\tex\latex\pgf\compatibility\pgfcomp-version-1
-18.sty
Package: pgfcomp-version-1-18 2007/07/23 v3.0.1a (rcs-revision 1.1)
)) (D:\Lilcsa\Tanszeki_dolgok\miktex\tex\latex\pgf\utilities\pgffor.sty
(D:\Lilcsa\Tanszeki_dolgok\miktex\tex\latex\pgf\utilities\pgfkeys.sty
(D:\Lilcsa\Tanszeki_dolgok\miktex\tex\generic\pgf\utilities\pgfkeys.code.tex))
(D:\Lilcsa\Tanszeki_dolgok\miktex\tex\latex\pgf\math\pgfmath.sty
(D:\Lilcsa\Tanszeki_dolgok\miktex\tex\generic\pgf\math\pgfmath.code.tex))
(D:\Lilcsa\Tanszeki_dolgok\miktex\tex\generic\pgf\utilities\pgffor.code.tex
Package: pgffor 2013/12/13 v3.0.1a (rcs-revision 1.25)

(D:\Lilcsa\Tanszeki_dolgok\miktex\tex\generic\pgf\math\pgfmath.code.tex)
\pgffor@iter=\dimen174
\pgffor@skip=\dimen175
\pgffor@stack=\toks39
\pgffor@toks=\toks40
))
(D:\Lilcsa\Tanszeki_dolgok\miktex\tex\generic\pgf\frontendlayer\tikz\tikz.code.
tex
Package: tikz 2015/08/07 v3.0.1a (rcs-revision 1.151)

(D:\Lilcsa\Tanszeki_dolgok\miktex\tex\generic\pgf\libraries\pgflibraryplothandl
ers.code.tex
File: pgflibraryplothandlers.code.tex 2013/08/31 v3.0.1a (rcs-revision 1.20)
\pgf@plot@mark@count=\count132
\pgfplotmarksize=\dimen176
)
\tikz@lastx=\dimen177
\tikz@lasty=\dimen178
\tikz@lastxsaved=\dimen179
\tikz@lastysaved=\dimen180
\tikzleveldistance=\dimen181
\tikzsiblingdistance=\dimen182
\tikz@figbox=\box38
\tikz@figbox@bg=\box39
\tikz@tempbox=\box40
\tikz@tempbox@bg=\box41
\tikztreelevel=\count133
\tikznumberofchildren=\count134
\tikznumberofcurrentchild=\count135
\tikz@fig@count=\count136

(D:\Lilcsa\Tanszeki_dolgok\miktex\tex\generic\pgf\modules\pgfmodulematrix.code.
tex
File: pgfmodulematrix.code.tex 2013/09/17  (rcs-revision 1.8)
\pgfmatrixcurrentrow=\count137
\pgfmatrixcurrentcolumn=\count138
\pgf@matrix@numberofcolumns=\count139
)
\tikz@expandcount=\count140

(D:\Lilcsa\Tanszeki_dolgok\miktex\tex\generic\pgf\frontendlayer\tikz\libraries\
tikzlibrarytopaths.code.tex
File: tikzlibrarytopaths.code.tex 2008/06/17 v3.0.1a (rcs-revision 1.2)
)))
(D:\Lilcsa\Tanszeki_dolgok\miktex\tex\generic\pgf\frontendlayer\tikz\libraries\
tikzlibrarypositioning.code.tex
File: tikzlibrarypositioning.code.tex 2008/10/06 v3.0.1a (rcs-revision 1.7)
)
(D:\Lilcsa\Tanszeki_dolgok\miktex\tex\latex\tools\calc.sty
Package: calc 2017/05/25 v4.3 Infix arithmetic (KKT,FJ)
\calc@Acount=\count141
\calc@Bcount=\count142
\calc@Adimen=\dimen183
\calc@Bdimen=\dimen184
\calc@Askip=\skip51
\calc@Bskip=\skip52
LaTeX Info: Redefining \setlength on input line 80.
LaTeX Info: Redefining \addtolength on input line 81.
\calc@Ccount=\count143
\calc@Cskip=\skip53
)
\c@@todonotes@numberoftodonotes=\count144
)
(D:\Lilcsa\Tanszeki_dolgok\miktex\tex\latex\wrapfig\wrapfig.sty
\wrapoverhang=\dimen185
\WF@size=\dimen186
\c@WF@wrappedlines=\count145
\WF@box=\box42
\WF@everypar=\toks41
Package: wrapfig 2003/01/31  v 3.6
)
(D:\Lilcsa\Tanszeki_dolgok\miktex\tex\latex\enumitem\enumitem.sty
Package: enumitem 2019/02/04 v3.8 Customized lists
\labelindent=\skip54
\enit@outerparindent=\dimen187
\enit@toks=\toks42
\enit@inbox=\box43
\enit@count@id=\count146
\enitdp@description=\count147
)
(D:\Lilcsa\Tanszeki_dolgok\miktex\tex\latex\fancyhdr\fancyhdr.sty
Package: fancyhdr 2017/06/30 v3.9a Extensive control of page headers and footer
s
\f@nch@headwidth=\skip55
\f@nch@O@elh=\skip56
\f@nch@O@erh=\skip57
\f@nch@O@olh=\skip58
\f@nch@O@orh=\skip59
\f@nch@O@elf=\skip60
\f@nch@O@erf=\skip61
\f@nch@O@olf=\skip62
\f@nch@O@orf=\skip63
)
(D:\Lilcsa\Tanszeki_dolgok\miktex\tex\latex\listings\listings.sty
\lst@mode=\count148
\lst@gtempboxa=\box44
\lst@token=\toks43
\lst@length=\count149
\lst@currlwidth=\dimen188
\lst@column=\count150
\lst@pos=\count151
\lst@lostspace=\dimen189
\lst@width=\dimen190
\lst@newlines=\count152
\lst@lineno=\count153
\lst@maxwidth=\dimen191

(D:\Lilcsa\Tanszeki_dolgok\miktex\tex\latex\listings\lstmisc.sty
File: lstmisc.sty 2018/09/02 1.7 (Carsten Heinz)
\c@lstnumber=\count154
\lst@skipnumbers=\count155
\lst@framebox=\box45
)
(D:\Lilcsa\Tanszeki_dolgok\miktex\tex\latex\listings\listings.cfg
File: listings.cfg 2018/09/02 1.7 listings configuration
))
Package: listings 2018/09/02 1.7 (Carsten Heinz)

(D:\Lilcsa\Tanszeki_dolgok\miktex\tex\latex\listings\lstlang1.sty
File: lstlang1.sty 2018/09/02 1.7 listings language file
)
(D:\Lilcsa\Tanszeki_dolgok\miktex\tex\latex\hyperref\hyperref.sty
Package: hyperref 2018/09/30 v6.88a Hypertext links for LaTeX

(D:\Lilcsa\Tanszeki_dolgok\miktex\tex\generic\oberdiek\hobsub-hyperref.sty
Package: hobsub-hyperref 2016/05/16 v1.14 Bundle oberdiek, subset hyperref (HO)


(D:\Lilcsa\Tanszeki_dolgok\miktex\tex\generic\oberdiek\hobsub-generic.sty
Package: hobsub-generic 2016/05/16 v1.14 Bundle oberdiek, subset generic (HO)
Package: hobsub 2016/05/16 v1.14 Construct package bundles (HO)
Package hobsub Info: Skipping package `infwarerr' (already loaded).
Package hobsub Info: Skipping package `ltxcmds' (already loaded).
Package hobsub Info: Skipping package `ifluatex' (already loaded).
Package: ifvtex 2016/05/16 v1.6 Detect VTeX and its facilities (HO)
Package ifvtex Info: VTeX not detected.
Package: intcalc 2016/05/16 v1.2 Expandable calculations with integers (HO)
Package hobsub Info: Skipping package `ifpdf' (already loaded).
Package hobsub Info: Skipping package `etexcmds' (already loaded).
Package hobsub Info: Skipping package `kvsetkeys' (already loaded).
Package hobsub Info: Skipping package `kvdefinekeys' (already loaded).
Package hobsub Info: Skipping package `pdftexcmds' (already loaded).
Package: pdfescape 2016/05/16 v1.14 Implements pdfTeX's escape features (HO)
Package: bigintcalc 2016/05/16 v1.4 Expandable calculations on big integers (HO
)
Package: bitset 2016/05/16 v1.2 Handle bit-vector datatype (HO)
Package: uniquecounter 2016/05/16 v1.3 Provide unlimited unique counter (HO)
)
Package hobsub Info: Skipping package `hobsub' (already loaded).
Package: letltxmacro 2016/05/16 v1.5 Let assignment for LaTeX macros (HO)
Package: hopatch 2016/05/16 v1.3 Wrapper for package hooks (HO)
Package: xcolor-patch 2016/05/16 xcolor patch
Package: atveryend 2016/05/16 v1.9 Hooks at the very end of document (HO)
Package atveryend Info: \enddocument detected (standard20110627).
Package: atbegshi 2016/06/09 v1.18 At begin shipout hook (HO)
Package: refcount 2016/05/16 v3.5 Data extraction from label references (HO)
Package: hycolor 2016/05/16 v1.8 Color options for hyperref/bookmark (HO)
)
(D:\Lilcsa\Tanszeki_dolgok\miktex\tex\generic\ifxetex\ifxetex.sty
Package: ifxetex 2010/09/12 v0.6 Provides ifxetex conditional
)
(D:\Lilcsa\Tanszeki_dolgok\miktex\tex\latex\oberdiek\auxhook.sty
Package: auxhook 2016/05/16 v1.4 Hooks for auxiliary files (HO)
)
\@linkdim=\dimen192
\Hy@linkcounter=\count156
\Hy@pagecounter=\count157

(D:\Lilcsa\Tanszeki_dolgok\miktex\tex\latex\hyperref\pd1enc.def
File: pd1enc.def 2018/09/30 v6.88a Hyperref: PDFDocEncoding definition (HO)
Now handling font encoding PD1 ...
... no UTF-8 mapping file for font encoding PD1
)
\Hy@SavedSpaceFactor=\count158

(D:\Lilcsa\Tanszeki_dolgok\miktex\tex\latex\00miktex\hyperref.cfg
File: hyperref.cfg 2002/06/06 v1.2 hyperref configuration of TeXLive
)
Package hyperref Info: Option `bookmarks' set `true' on input line 4409.
Package hyperref Info: Option `bookmarksopen' set `true' on input line 4409.
Package hyperref Info: Option `bookmarksnumbered' set `true' on input line 4409
.
Package hyperref Info: Option `hypertexnames' set `false' on input line 4409.
Package hyperref Info: Option `colorlinks' set `true' on input line 4409.
Package hyperref Info: Option `unicode' set `true' on input line 4409.

(D:\Lilcsa\Tanszeki_dolgok\miktex\tex\latex\hyperref\puenc.def
File: puenc.def 2018/09/30 v6.88a Hyperref: PDF Unicode definition (HO)
Now handling font encoding PU ...
... no UTF-8 mapping file for font encoding PU
)
Package hyperref Info: Option `breaklinks' set `true' on input line 4409.
Package hyperref Info: Hyper figures OFF on input line 4535.
Package hyperref Info: Link nesting OFF on input line 4540.
Package hyperref Info: Hyper index ON on input line 4543.
Package hyperref Info: Plain pages OFF on input line 4550.
Package hyperref Info: Backreferencing OFF on input line 4555.
Package hyperref Info: Implicit mode ON; LaTeX internals redefined.
Package hyperref Info: Bookmarks ON on input line 4788.
\c@Hy@tempcnt=\count159

(D:\Lilcsa\Tanszeki_dolgok\miktex\tex\latex\url\url.sty
\Urlmuskip=\muskip11
Package: url 2013/09/16  ver 3.4  Verb mode for urls, etc.
)
LaTeX Info: Redefining \url on input line 5141.
\XeTeXLinkMargin=\dimen193
\Fld@menulength=\count160
\Field@Width=\dimen194
\Fld@charsize=\dimen195
Package hyperref Info: Hyper figures OFF on input line 6396.
Package hyperref Info: Link nesting OFF on input line 6401.
Package hyperref Info: Hyper index ON on input line 6404.
Package hyperref Info: backreferencing OFF on input line 6411.
Package hyperref Info: Link coloring ON on input line 6414.
Package hyperref Info: Link coloring with OCG OFF on input line 6421.
Package hyperref Info: PDF/A mode OFF on input line 6426.
LaTeX Info: Redefining \ref on input line 6466.
LaTeX Info: Redefining \pageref on input line 6470.
\Hy@abspage=\count161
\c@Item=\count162
\c@Hfootnote=\count163
)
Package hyperref Info: Driver (autodetected): hpdftex.

(D:\Lilcsa\Tanszeki_dolgok\miktex\tex\latex\hyperref\hpdftex.def
File: hpdftex.def 2018/09/30 v6.88a Hyperref driver for pdfTeX
\Fld@listcount=\count164
\c@bookmark@seq@number=\count165

(D:\Lilcsa\Tanszeki_dolgok\miktex\tex\latex\oberdiek\rerunfilecheck.sty
Package: rerunfilecheck 2016/05/16 v1.8 Rerun checks for auxiliary files (HO)
Package uniquecounter Info: New unique counter `rerunfilecheck' on input line 2
82.
)
\Hy@SectionHShift=\skip64
)
Package hyperref Info: Option `colorlinks' set `true' on input line 114.
)
(main.aux)
\openout1 = `main.aux'.

LaTeX Font Info:    Checking defaults for OML/cmm/m/it on input line 34.
LaTeX Font Info:    ... okay on input line 34.
LaTeX Font Info:    Checking defaults for T1/cmr/m/n on input line 34.
LaTeX Font Info:    ... okay on input line 34.
LaTeX Font Info:    Checking defaults for OT1/cmr/m/n on input line 34.
LaTeX Font Info:    ... okay on input line 34.
LaTeX Font Info:    Checking defaults for OMS/cmsy/m/n on input line 34.
LaTeX Font Info:    ... okay on input line 34.
LaTeX Font Info:    Checking defaults for OMX/cmex/m/n on input line 34.
LaTeX Font Info:    ... okay on input line 34.
LaTeX Font Info:    Checking defaults for U/cmr/m/n on input line 34.
LaTeX Font Info:    ... okay on input line 34.
LaTeX Font Info:    Checking defaults for PD1/pdf/m/n on input line 34.
LaTeX Font Info:    ... okay on input line 34.
LaTeX Font Info:    Checking defaults for PU/pdf/m/n on input line 34.
LaTeX Font Info:    ... okay on input line 34.
 (D:\Lilcsa\Tanszeki_dolgok\miktex\tex\context\base\supp-pdf.mkii
[Loading MPS to PDF converter (version 2006.09.02).]
\scratchcounter=\count166
\scratchdimen=\dimen196
\scratchbox=\box46
\nofMPsegments=\count167
\nofMParguments=\count168
\everyMPshowfont=\toks44
\MPscratchCnt=\count169
\MPscratchDim=\dimen197
\MPnumerator=\count170
\makeMPintoPDFobject=\count171
\everyMPtoPDFconversion=\toks45
)
Package caption Info: Begin \AtBeginDocument code.
Package caption Info: float package is loaded.
Package caption Info: hyperref package is loaded.
Package caption Info: listings package is loaded.
Package caption Info: rotating package is loaded.
Package caption Info: wrapfig package is loaded.
Package caption Info: End \AtBeginDocument code.
 ABD: EveryShipout initializing macros

Package todonotes Warning: The length marginparwidth is less than 2cm and will 
most likely cause issues with the appearance of inserted todonotes. The issue c
an be solved by adding a line like \setlength {\marginparwidth }{2cm} prior to 
loading the todonotes package. on input line 34.

\c@lstlisting=\count172
\AtBeginShipoutBox=\box47
Package hyperref Info: Link coloring ON on input line 34.
(D:\Lilcsa\Tanszeki_dolgok\miktex\tex\latex\hyperref\nameref.sty
Package: nameref 2016/05/21 v2.44 Cross-referencing by name of section

(D:\Lilcsa\Tanszeki_dolgok\miktex\tex\generic\oberdiek\gettitlestring.sty
Package: gettitlestring 2016/05/16 v1.5 Cleanup title references (HO)
)
\c@section@level=\count173
)
LaTeX Info: Redefining \ref on input line 34.
LaTeX Info: Redefining \pageref on input line 34.
LaTeX Info: Redefining \nameref on input line 34.

(main.out) (main.out)
\@outlinefile=\write4
\openout4 = `main.out'.

<./figures/miskolc_logo.png, id=141, 72.27pt x 65.043pt>
File: ./figures/miskolc_logo.png Graphic file (type png)
<use ./figures/miskolc_logo.png>
Package pdftex.def Info: ./figures/miskolc_logo.png  used on input line 53.
(pdftex.def)             Requested size: 170.97pt x 153.88123pt.


LaTeX Font Warning: Font shape `T1/cmr/m/n' in size <20> not available
(Font)              size <20.74> substituted on input line 57.


LaTeX Font Warning: Font shape `T1/cmr/bx/n' in size <20> not available
(Font)              size <20.74> substituted on input line 57.

[1


{C:/Users/Lilcsa/AppData/Local/MiKTeX/2.9/pdftex/config/pdftex.map} <./figures/
miskolc_logo.png>] (chapters/feladatkiiras.tex
Underfull \hbox (badness 10000) in paragraph at lines 11--12

 []


Underfull \hbox (badness 10000) in paragraph at lines 13--14

 []


Underfull \hbox (badness 10000) in paragraph at lines 15--16

 []


Underfull \hbox (badness 10000) in paragraph at lines 19--20

 []

LaTeX Font Info:    Try loading font information for OMS+cmr on input line 24.
(D:\Lilcsa\Tanszeki_dolgok\miktex\tex\latex\base\omscmr.fd
File: omscmr.fd 2014/09/29 v2.5h Standard LaTeX font definitions
)
LaTeX Font Info:    Font shape `OMS/cmr/m/n' in size <12> not available
(Font)              Font shape `OMS/cmsy/m/n' tried instead on input line 24.

Overfull \hbox (19.44107pt too wide) in paragraph at lines 25--26
[]\T1/cmr/m/n/12 Pandas, Numpy, Scikit-Learn, Mat-plotlib és egyéb tu-dományos 
Python könyvtárak
 []


Underfull \hbox (badness 10000) detected at line 49
\T1/cmr/m/n/12 szakfelel®s
 []

[1]
Overfull \hbox (11.08722pt too wide) in paragraph at lines 59--62
[]\T1/cmr/m/n/12 Alulírott []; Neptun-kód: []
 []


Overfull \hbox (12.98364pt too wide) in paragraph at lines 59--62
\T1/cmr/m/n/12 a Miskolci Egyetem Gépészmérnöki és In-for-matikai Kará-nak végz
®s []
 []


Overfull \hbox (27.62584pt too wide) in paragraph at lines 59--62
\T1/cmr/m/n/12 zom és aláírá-som-mal iga-zolom, hogy []
 []


Underfull \hbox (badness 10000) in paragraph at lines 59--62

 []


Overfull \hbox (4.73228pt too wide) in paragraph at lines 70--72
[]\T1/cmr/m/n/12 Alulírott ki-je-len-tem, hogy a plágium fo-galmát megis-mertem
, és tu-domá-sul veszem,
 []

LaTeX Font Info:    Try loading font information for U+msa on input line 79.
(D:\Lilcsa\Tanszeki_dolgok\miktex\tex\latex\amsfonts\umsa.fd
File: umsa.fd 2013/01/14 v3.01 AMS symbols A
)
LaTeX Font Info:    Try loading font information for U+msb on input line 79.

(D:\Lilcsa\Tanszeki_dolgok\miktex\tex\latex\amsfonts\umsb.fd
File: umsb.fd 2013/01/14 v3.01 AMS symbols B
)
Overfull \hbox (0.53185pt too wide) in paragraph at lines 79--83
[]| [] 
 []

[2]
Overfull \hbox (3.02573pt too wide) in paragraph at lines 104--110
[][] 
 []


Overfull \hbox (7.56378pt too wide) in paragraph at lines 124--134
\T1/cmr/m/n/12 4. [] 
 []

)
Overfull \hbox (4.70168pt too wide) in paragraph at lines 171--85
\T1/cmr/m/n/12 Miskolc, [] |  []
 []


Underfull \hbox (badness 10000) in paragraph at lines 171--85

 []

[3] (main.toc)
\tf@toc=\write5
\openout5 = `main.toc'.

 (chapters/introduction.tex [4

]
Chapter 1.
[5

]) (chapters/relatedWorks.tex [6]
Chapter 2.
[7

]
<./figures/mashable.png, id=236, 617.30624pt x 96.36pt>
File: ./figures/mashable.png Graphic file (type png)
<use ./figures/mashable.png>
Package pdftex.def Info: ./figures/mashable.png  used on input line 29.
(pdftex.def)             Requested size: 410.71072pt x 64.1121pt.
 [8 <./figures/mashable.png>]
<./figures/neuron2.png, id=254, 517.18219pt x 224.33812pt>
File: ./figures/neuron2.png Graphic file (type png)
<use ./figures/neuron2.png>
Package pdftex.def Info: ./figures/neuron2.png  used on input line 68.
(pdftex.def)             Requested size: 344.90039pt x 149.60364pt.
 [9 <./figures/neuron2.png>] [10]
<./figures/python_scikit.png, id=274, 722.7pt x 181.42781pt>
File: ./figures/python_scikit.png Graphic file (type png)
<use ./figures/python_scikit.png>
Package pdftex.def Info: ./figures/python_scikit.png  used on input line 104.
(pdftex.def)             Requested size: 425.66148pt x 106.85788pt.
 [11 <./figures/python_scikit.png>]
Overfull \hbox (5.21815pt too wide) in paragraph at lines 127--128
[]\T1/cmr/m/n/12 - \T1/cmr/bx/n/12 NumPy \T1/cmr/m/n/12 for pro-vid-ing ef-fi-c
ient stor-age and com-put-ing multi-dimensional
 []

) (chapters/theoreticalBackground.tex [12]
Chapter 3.
<./figures/data_mining_stages.png, id=293, 515.67656pt x 492.33937pt>
File: ./figures/data_mining_stages.png Graphic file (type png)
<use ./figures/data_mining_stages.png>
Package pdftex.def Info: ./figures/data_mining_stages.png  used on input line 9
.
(pdftex.def)             Requested size: 246.23148pt x 235.08864pt.
[13

 <./figures/data_mining_stages.png>] [14]
<./figures/data_mining.jpeg, id=308, 1034.86626pt x 356.33125pt>
File: ./figures/data_mining.jpeg Graphic file (type jpg)
<use ./figures/data_mining.jpeg>
Package pdftex.def Info: ./figures/data_mining.jpeg  used on input line 63.
(pdftex.def)             Requested size: 434.48296pt x 149.60364pt.

Overfull \hbox (7.05142pt too wide) in paragraph at lines 63--64
 [][] 
 []

[15 <./figures/data_mining.jpeg>] [16]
<./figures/regression.png, id=334, 381.67593pt x 260.47313pt>
File: ./figures/regression.png Graphic file (type png)
<use ./figures/regression.png>
Package pdftex.def Info: ./figures/regression.png  used on input line 111.
(pdftex.def)             Requested size: 263.05383pt x 179.52045pt.
 [17 <./figures/regression.png>]
Overfull \hbox (4.56006pt too wide) in paragraph at lines 147--148
[]\T1/cmr/m/n/12 Suppose that we have a se-ries of $\OML/cmm/m/it/12 N \OMS/cms
y/m/n/12 2 \U/msb/m/n/12 Z[]$ \T1/cmr/m/n/12 data points $\OT1/cmr/m/n/12 (\OML
/cmm/m/it/12 x[]; y[]\OT1/cmr/m/n/12 )\OML/cmm/m/it/12 ; \OT1/cmr/m/n/12 (\OML/
cmm/m/it/12 x[]; y[]\OT1/cmr/m/n/12 )\OML/cmm/m/it/12 ; [] ; \OT1/cmr/m/n/12 (\
OML/cmm/m/it/12 x[]; y[]\OT1/cmr/m/n/12 )$\T1/cmr/m/n/12 ,
 []

[18]
<./figures/perceptron.png, id=364, 942.52126pt x 365.86688pt>
File: ./figures/perceptron.png Graphic file (type png)
<use ./figures/perceptron.png>
Package pdftex.def Info: ./figures/perceptron.png  used on input line 167.
(pdftex.def)             Requested size: 308.31483pt x 119.6803pt.
 [19 <./figures/perceptron.png>]
<./figures/feedforward.png, id=376, 564.1075pt x 355.3275pt>
File: ./figures/feedforward.png Graphic file (type png)
<use ./figures/feedforward.png>
Package pdftex.def Info: ./figures/feedforward.png  used on input line 183.
(pdftex.def)             Requested size: 237.50883pt x 149.60364pt.
 [20 <./figures/feedforward.png>] [21]
[22]
<./figures/gradient.png, id=411, 951.555pt x 531.9875pt>
File: ./figures/gradient.png Graphic file (type png)
<use ./figures/gradient.png>
Package pdftex.def Info: ./figures/gradient.png  used on input line 260.
(pdftex.def)             Requested size: 305.81058pt x 170.97pt.
 [23 <./figures/gradient.png>]
<./figures/functions.png, id=419, 1559.8275pt x 540.0175pt>
File: ./figures/functions.png Graphic file (type png)
<use ./figures/functions.png>
Package pdftex.def Info: ./figures/functions.png  used on input line 284.
(pdftex.def)             Requested size: 432.10753pt x 149.60364pt.

Overfull \hbox (4.676pt too wide) in paragraph at lines 284--286
 [][] 
 []

[24 <./figures/functions.png>]
<./figures/stochastic.png, id=436, 483.60675pt x 177.0615pt>
File: ./figures/stochastic.png Graphic file (type png)
<use ./figures/stochastic.png>
Package pdftex.def Info: ./figures/stochastic.png  used on input line 318.
(pdftex.def)             Requested size: 326.89273pt x 119.6803pt.
 [25 <./figures/stochastic.png>]
<./figures/optimization.png, id=451, 259.97125pt x 194.7275pt>
File: ./figures/optimization.png Graphic file (type png)
<use ./figures/optimization.png>
Package pdftex.def Info: ./figures/optimization.png  used on input line 348.
(pdftex.def)             Requested size: 205.4385pt x 153.87561pt.
 [26 <./figures/optimization.png>]
<./figures/injection.png, id=462, 602.25pt x 551.81157pt>
File: ./figures/injection.png Graphic file (type png)
<use ./figures/injection.png>
Package pdftex.def Info: ./figures/injection.png  used on input line 363.
(pdftex.def)             Requested size: 107.28838pt x 98.30742pt.
<./figures/surjection.png, id=463, 602.25pt x 551.81157pt>
File: ./figures/surjection.png Graphic file (type png)
<use ./figures/surjection.png>
Package pdftex.def Info: ./figures/surjection.png  used on input line 372.
(pdftex.def)             Requested size: 107.28838pt x 98.30742pt.
<./figures/bijection.png, id=464, 602.25pt x 554.82281pt>
File: ./figures/bijection.png Graphic file (type png)
<use ./figures/bijection.png>
Package pdftex.def Info: ./figures/bijection.png  used on input line 381.
(pdftex.def)             Requested size: 106.70943pt x 98.30742pt.
 [27 <./figures/injection.png> <./figures/surjection.png> <./figures/bijection.
png>] [28]) (chapters/implementation.tex [29]
Chapter 4.
[30

]
<./figures/scipy.png, id=504, 906.38625pt x 298.86656pt>
File: ./figures/scipy.png Graphic file (type png)
<use ./figures/scipy.png>
Package pdftex.def Info: ./figures/scipy.png  used on input line 27.
(pdftex.def)             Requested size: 388.89484pt x 128.23076pt.
 [31 <./figures/scipy.png>] [32] [33]
Overfull \hbox (11.5484pt too wide) in paragraph at lines 121--121
[]  \T1/cmr/m/n/12 - `adam' refers to a tran-si-tion be-tween adap-tive meth-od
s and momentum-
 []

[34] [35]
<./figures/describe1.png, id=545, 500.62032pt x 171.64125pt>
File: ./figures/describe1.png Graphic file (type png)
<use ./figures/describe1.png>
Package pdftex.def Info: ./figures/describe1.png  used on input line 190.
(pdftex.def)             Requested size: 423.86401pt x 145.32515pt.

Overfull \hbox (6.1266pt too wide) in paragraph at lines 212--213
[]\T1/cmr/m/n/12 These re-duc-tions need some ex-pla-na-tion. As men-tioned abo
ve, $\OML/cmm/m/it/12 n[]tokens[]content$
 []

[36 <./figures/describe1.png>] [37] [38]
<./figures/plot.png, id=614, 403.5075pt x 304.13625pt>
File: ./figures/plot.png Graphic file (type png)
<use ./figures/plot.png>
Package pdftex.def Info: ./figures/plot.png  used on input line 289.
(pdftex.def)             Requested size: 255.1962pt x 192.34288pt.
 [39 <./figures/plot.png>]
LaTeX Font Info:    Font shape `OMS/cmr/m/n' in size <10> not available
(Font)              Font shape `OMS/cmsy/m/n' tried instead on input line 343.
 [40]
[41] [42]) (chapters/summary.tex [43]
Chapter 5.
) (main.bbl [44

]
LaTeX Font Info:    Try loading font information for T1+cmtt on input line 5.
 (D:\Lilcsa\Tanszeki_dolgok\miktex\tex\latex\base\t1cmtt.fd
File: t1cmtt.fd 2014/09/29 v2.5h Standard LaTeX font definitions
)
Underfull \hbox (badness 2020) in paragraph at lines 4--6
[]\T1/cmr/m/n/12 Online News Pop-u-lar-ity Data Set.  [][]$\T1/cmtt/m/n/12 http
 : / / archive . ics . uci . edu / ml /
 []


Underfull \hbox (badness 1248) in paragraph at lines 20--22
[]\T1/cmr/m/n/12 UCI Ma-chine Learn-ing Repos-i-tory.  [][]$\T1/cmtt/m/n/12 htt
ps : / / archive . ics . uci . edu / ml /
 []

[45

] [46]) [47] (appendices/cd.tex) [48

]
Package atveryend Info: Empty hook `BeforeClearDocument' on input line 101.
Package atveryend Info: Empty hook `AfterLastShipout' on input line 101.
 (main.aux)
Package atveryend Info: Executing hook `AtVeryEndDocument' on input line 101.
Package atveryend Info: Executing hook `AtEndAfterFileList' on input line 101.
Package rerunfilecheck Info: File `main.out' has not changed.
(rerunfilecheck)             Checksum: 675336E1F844E60C358D24605CA525A7;5864.


LaTeX Font Warning: Size substitutions with differences
(Font)              up to 0.74pt have occurred.

Package atveryend Info: Empty hook `AtVeryVeryEnd' on input line 101.
 ) 
Here is how much of TeX's memory you used:
 24949 strings out of 492970
 430095 string characters out of 3133676
 701816 words of memory out of 3000000
 27968 multiletter control sequences out of 15000+200000
 24550 words of font info for 60 fonts, out of 3000000 for 9000
 1141 hyphenation exceptions out of 8191
 69i,15n,77p,1281b,1893s stack positions out of 5000i,500n,10000p,200000b,50000s
 <C:\Users\Lilcsa\AppData\Local\MiKTeX\2.9\fonts\pk\ljfour\jknappen\ec\dpi600
\ectt1200.pk> <C:\Users\Lilcsa\AppData\Local\MiKTeX\2.9\fonts\pk\ljfour\jknappe
n\ec\dpi600\ecrm1000.pk> <C:\Users\Lilcsa\AppData\Local\MiKTeX\2.9\fonts\pk\ljf
our\jknappen\ec\dpi600\ecbx1440.pk> <C:\Users\Lilcsa\AppData\Local\MiKTeX\2.9\f
onts\pk\ljfour\jknappen\ec\dpi600\ecbx1728.pk> <C:\Users\Lilcsa\AppData\Local\M
iKTeX\2.9\fonts\pk\ljfour\jknappen\ec\dpi600\ecsl1200.pk> <C:\Users\Lilcsa\AppD
ata\Local\MiKTeX\2.9\fonts\pk\ljfour\jknappen\ec\dpi600\ecbx2488.pk> <C:\Users\
Lilcsa\AppData\Local\MiKTeX\2.9\fonts\pk\ljfour\jknappen\ec\dpi600\ecxc1440.pk>
 <C:\Users\Lilcsa\AppData\Local\MiKTeX\2.9\fonts\pk\ljfour\jknappen\ec\dpi600\e
cxc1200.pk> <C:\Users\Lilcsa\AppData\Local\MiKTeX\2.9\fonts\pk\ljfour\jknappen\
ec\dpi600\ecbx1200.pk> <C:\Users\Lilcsa\AppData\Local\MiKTeX\2.9\fonts\pk\ljfou
r\jknappen\ec\dpi600\eccc1200.pk> <C:\Users\Lilcsa\AppData\Local\MiKTeX\2.9\fon
ts\pk\ljfour\jknappen\ec\dpi600\ecrm1200.pk> <C:\Users\Lilcsa\AppData\Local\MiK
TeX\2.9\fonts\pk\ljfour\jknappen\ec\dpi600\ecti1200.pk> <C:\Users\Lilcsa\AppDat
a\Local\MiKTeX\2.9\fonts\pk\ljfour\jknappen\ec\dpi600\eccc1440.pk> <C:\Users\Li
lcsa\AppData\Local\MiKTeX\2.9\fonts\pk\ljfour\jknappen\ec\dpi600\ecbx2074.pk> <
C:\Users\Lilcsa\AppData\Local\MiKTeX\2.9\fonts\pk\ljfour\jknappen\ec\dpi600\ecr
m1440.pk><D:/Lilcsa/Tanszeki_dolgok/miktex/fonts/type1/public/amsfonts/cm/cmex1
0.pfb><D:/Lilcsa/Tanszeki_dolgok/miktex/fonts/type1/public/amsfonts/cm/cmmi12.p
fb><D:/Lilcsa/Tanszeki_dolgok/miktex/fonts/type1/public/amsfonts/cm/cmmi6.pfb><
D:/Lilcsa/Tanszeki_dolgok/miktex/fonts/type1/public/amsfonts/cm/cmmi8.pfb><D:/L
ilcsa/Tanszeki_dolgok/miktex/fonts/type1/public/amsfonts/cm/cmr12.pfb><D:/Lilcs
a/Tanszeki_dolgok/miktex/fonts/type1/public/amsfonts/cm/cmr6.pfb><D:/Lilcsa/Tan
szeki_dolgok/miktex/fonts/type1/public/amsfonts/cm/cmr8.pfb><D:/Lilcsa/Tanszeki
_dolgok/miktex/fonts/type1/public/amsfonts/cm/cmsy10.pfb><D:/Lilcsa/Tanszeki_do
lgok/miktex/fonts/type1/public/amsfonts/cm/cmsy6.pfb><D:/Lilcsa/Tanszeki_dolgok
/miktex/fonts/type1/public/amsfonts/cm/cmsy8.pfb><D:/Lilcsa/Tanszeki_dolgok/mik
tex/fonts/type1/public/amsfonts/symbols/msbm10.pfb>
Output written on main.pdf (49 pages, 1730245 bytes).
PDF statistics:
 1528 PDF objects out of 1728 (max. 8388607)
 376 named destinations out of 1000 (max. 500000)
 372 words of extra memory for PDF output out of 10000 (max. 10000000)

